# JRE version: Java(TM) SE Runtime Environment (8.0_20-b26) (build 1.8.0_20-b26)
# Java VM: Java HotSpot(TM) 64-Bit Server VM (25.20-b23 mixed mode windows-amd64 compressed oops)
Heap:
 PSYoungGen      total 121856K, used 45755K [0x00000000eab00000, 0x00000000f5880000, 0x0000000100000000)
  eden space 97792K, 22% used [0x00000000eab00000,0x00000000ec0341b0,0x00000000f0a80000)
  from space 24064K, 99% used [0x00000000f0a80000,0x00000000f21fac28,0x00000000f2200000)
  to   space 31744K, 0% used [0x00000000f3980000,0x00000000f3980000,0x00000000f5880000)
 ParOldGen       total 72192K, used 34780K [0x00000000c0000000, 0x00000000c4680000, 0x00000000eab00000)
  object space 72192K, 48% used [0x00000000c0000000,0x00000000c21f73d0,0x00000000c4680000)
 Metaspace       used 6511K, capacity 7256K, committed 7424K, reserved 1058816K
  class space    used 615K, capacity 656K, committed 768K, reserved 1048576K
GC Heap History (10 events):
Event: 8.485 GC heap before
{Heap before GC invocations=7 (full 1):
 PSYoungGen      total 51712K, used 51687K [0x00000000eab00000, 0x00000000f0680000, 0x0000000100000000)
  eden space 49152K, 100% used [0x00000000eab00000,0x00000000edb00000,0x00000000edb00000)
  from space 2560K, 99% used [0x00000000edb00000,0x00000000edd79f00,0x00000000edd80000)
  to   space 11264K, 0% used [0x00000000efb80000,0x00000000efb80000,0x00000000f0680000)
 ParOldGen       total 25088K, used 16699K [0x00000000c0000000, 0x00000000c1880000, 0x00000000eab00000)
  object space 25088K, 66% used [0x00000000c0000000,0x00000000c104ee00,0x00000000c1880000)
 Metaspace       used 6318K, capacity 7152K, committed 7296K, reserved 1058816K
  class space    used 596K, capacity 616K, committed 640K, reserved 1048576K
Event: 8.534 GC heap after
Heap after GC invocations=7 (full 1):
 PSYoungGen      total 80384K, used 10490K [0x00000000eab00000, 0x00000000f0e00000, 0x0000000100000000)
  eden space 69120K, 0% used [0x00000000eab00000,0x00000000eab00000,0x00000000eee80000)
  from space 11264K, 93% used [0x00000000efb80000,0x00000000f05bea50,0x00000000f0680000)
  to   space 13312K, 0% used [0x00000000eee80000,0x00000000eee80000,0x00000000efb80000)
 ParOldGen       total 25088K, used 16699K [0x00000000c0000000, 0x00000000c1880000, 0x00000000eab00000)
  object space 25088K, 66% used [0x00000000c0000000,0x00000000c104ee00,0x00000000c1880000)
 Metaspace       used 6318K, capacity 7152K, committed 7296K, reserved 1058816K
  class space    used 596K, capacity 616K, committed 640K, reserved 1048576K
}
Event: 9.564 GC heap before
{Heap before GC invocations=8 (full 1):
 PSYoungGen      total 80384K, used 79610K [0x00000000eab00000, 0x00000000f0e00000, 0x0000000100000000)
  eden space 69120K, 100% used [0x00000000eab00000,0x00000000eee80000,0x00000000eee80000)
  from space 11264K, 93% used [0x00000000efb80000,0x00000000f05bea50,0x00000000f0680000)
  to   space 13312K, 0% used [0x00000000eee80000,0x00000000eee80000,0x00000000efb80000)
 ParOldGen       total 25088K, used 16699K [0x00000000c0000000, 0x00000000c1880000, 0x00000000eab00000)
  object space 25088K, 66% used [0x00000000c0000000,0x00000000c104ee00,0x00000000c1880000)
 Metaspace       used 6377K, capacity 7216K, committed 7296K, reserved 1058816K
  class space    used 596K, capacity 616K, committed 640K, reserved 1048576K
Event: 9.690 GC heap after
Heap after GC invocations=8 (full 1):
 PSYoungGen      total 82432K, used 13285K [0x00000000eab00000, 0x00000000f3980000, 0x0000000100000000)
  eden space 69120K, 0% used [0x00000000eab00000,0x00000000eab00000,0x00000000eee80000)
  from space 13312K, 99% used [0x00000000eee80000,0x00000000efb79790,0x00000000efb80000)
  to   space 19456K, 0% used [0x00000000f2680000,0x00000000f2680000,0x00000000f3980000)
 ParOldGen       total 25088K, used 24152K [0x00000000c0000000, 0x00000000c1880000, 0x00000000eab00000)
  object space 25088K, 96% used [0x00000000c0000000,0x00000000c1796300,0x00000000c1880000)
 Metaspace       used 6377K, capacity 7216K, committed 7296K, reserved 1058816K
  class space    used 596K, capacity 616K, committed 640K, reserved 1048576K
}
Event: 9.690 GC heap before
{Heap before GC invocations=9 (full 2):
 PSYoungGen      total 82432K, used 13285K [0x00000000eab00000, 0x00000000f3980000, 0x0000000100000000)
  eden space 69120K, 0% used [0x00000000eab00000,0x00000000eab00000,0x00000000eee80000)
  from space 13312K, 99% used [0x00000000eee80000,0x00000000efb79790,0x00000000efb80000)
  to   space 19456K, 0% used [0x00000000f2680000,0x00000000f2680000,0x00000000f3980000)
 ParOldGen       total 25088K, used 24152K [0x00000000c0000000, 0x00000000c1880000, 0x00000000eab00000)
  object space 25088K, 96% used [0x00000000c0000000,0x00000000c1796300,0x00000000c1880000)
 Metaspace       used 6377K, capacity 7216K, committed 7296K, reserved 1058816K
  class space    used 596K, capacity 616K, committed 640K, reserved 1048576K
Event: 11.132 GC heap after
Heap after GC invocations=9 (full 2):
 PSYoungGen      total 82432K, used 10646K [0x00000000eab00000, 0x00000000f3980000, 0x0000000100000000)
  eden space 69120K, 0% used [0x00000000eab00000,0x00000000eab00000,0x00000000eee80000)
  from space 13312K, 79% used [0x00000000eee80000,0x00000000ef8e59d0,0x00000000efb80000)
  to   space 19456K, 0% used [0x00000000f2680000,0x00000000f2680000,0x00000000f3980000)
 ParOldGen       total 72192K, used 24971K [0x00000000c0000000, 0x00000000c4680000, 0x00000000eab00000)
  object space 72192K, 34% used [0x00000000c0000000,0x00000000c1862ee0,0x00000000c4680000)
 Metaspace       used 6377K, capacity 7216K, committed 7296K, reserved 1058816K
  class space    used 596K, capacity 616K, committed 640K, reserved 1048576K
}
Event: 12.351 GC heap before
{Heap before GC invocations=10 (full 2):
 PSYoungGen      total 82432K, used 79766K [0x00000000eab00000, 0x00000000f3980000, 0x0000000100000000)
  eden space 69120K, 100% used [0x00000000eab00000,0x00000000eee80000,0x00000000eee80000)
  from space 13312K, 79% used [0x00000000eee80000,0x00000000ef8e59d0,0x00000000efb80000)
  to   space 19456K, 0% used [0x00000000f2680000,0x00000000f2680000,0x00000000f3980000)
 ParOldGen       total 72192K, used 24971K [0x00000000c0000000, 0x00000000c4680000, 0x00000000eab00000)
  object space 72192K, 34% used [0x00000000c0000000,0x00000000c1862ee0,0x00000000c4680000)
 Metaspace       used 6410K, capacity 7216K, committed 7296K, reserved 1058816K
  class space    used 596K, capacity 616K, committed 640K, reserved 1048576K
Event: 12.476 GC heap after
Heap after GC invocations=10 (full 2):
 PSYoungGen      total 113152K, used 19449K [0x00000000eab00000, 0x00000000f3980000, 0x0000000100000000)
  eden space 93696K, 0% used [0x00000000eab00000,0x00000000eab00000,0x00000000f0680000)
  from space 19456K, 99% used [0x00000000f2680000,0x00000000f397e430,0x00000000f3980000)
  to   space 24064K, 0% used [0x00000000f0a80000,0x00000000f0a80000,0x00000000f2200000)
 ParOldGen       total 72192K, used 26393K [0x00000000c0000000, 0x00000000c4680000, 0x00000000eab00000)
  object space 72192K, 36% used [0x00000000c0000000,0x00000000c19c64f0,0x00000000c4680000)
 Metaspace       used 6410K, capacity 7216K, committed 7296K, reserved 1058816K
  class space    used 596K, capacity 616K, committed 640K, reserved 1048576K
}
Event: 14.954 GC heap before
{Heap before GC invocations=11 (full 2):
 PSYoungGen      total 113152K, used 113145K [0x00000000eab00000, 0x00000000f3980000, 0x0000000100000000)
  eden space 93696K, 100% used [0x00000000eab00000,0x00000000f0680000,0x00000000f0680000)
  from space 19456K, 99% used [0x00000000f2680000,0x00000000f397e430,0x00000000f3980000)
  to   space 24064K, 0% used [0x00000000f0a80000,0x00000000f0a80000,0x00000000f2200000)
 ParOldGen       total 72192K, used 26393K [0x00000000c0000000, 0x00000000c4680000, 0x00000000eab00000)
  object space 72192K, 36% used [0x00000000c0000000,0x00000000c19c64f0,0x00000000c4680000)
 Metaspace       used 6507K, capacity 7256K, committed 7424K, reserved 1058816K
  class space    used 615K, capacity 656K, committed 768K, reserved 1048576K
Event: 15.183 GC heap after
Heap after GC invocations=11 (full 2):
 PSYoungGen      total 121856K, used 24043K [0x00000000eab00000, 0x00000000f5880000, 0x0000000100000000)
  eden space 97792K, 0% used [0x00000000eab00000,0x00000000eab00000,0x00000000f0a80000)
  from space 24064K, 99% used [0x00000000f0a80000,0x00000000f21fac28,0x00000000f2200000)
  to   space 31744K, 0% used [0x00000000f3980000,0x00000000f3980000,0x00000000f5880000)
 ParOldGen       total 72192K, used 34780K [0x00000000c0000000, 0x00000000c4680000, 0x00000000eab00000)
  object space 72192K, 48% used [0x00000000c0000000,0x00000000c21f73d0,0x00000000c4680000)
 Metaspace       used 6507K, capacity 7256K, committed 7424K, reserved 1058816K
  class space    used 615K, capacity 656K, committed 768K, reserved 1048576K
}

